app/build/outputs/logs/manifest-merger-debug-report.txt
-- Merging decision tree log ---
manifest
ADDED from src/main/AndroidManifest.xml:2:1-22:12
	package
		ADDED from src/main/AndroidManifest.xml:3:5-32
		INJECTED from src/main/AndroidManifest.xml
		INJECTED from src/main/AndroidManifest.xml
	android:versionName
		INJECTED from src/main/AndroidManifest.xml
		INJECTED from src/main/AndroidManifest.xml
	xmlns:android
		ADDED from src/main/AndroidManifest.xml:2:11-69
	android:versionCode
		INJECTED from src/main/AndroidManifest.xml
		INJECTED from src/main/AndroidManifest.xml
application
ADDED from src/main/AndroidManifest.xml:5:5-18:19
MERGED from [com.android.support:appcompat-v7:22.2.0] AndroidManifest.xml:22:5-20
MERGED from [com.android.support:support-v4:22.2.0] AndroidManifest.xml:22:5-20
MERGED from [com.zhy:percent-support-extends:1.0.6] AndroidManifest.xml:11:5-14:19
MERGED from [com.android.support:appcompat-v7:22.2.0] AndroidManifest.xml:22:5-20
MERGED from [com.android.support:support-v4:22.2.0] AndroidManifest.xml:22:5-20
	android:label
		ADDED from src/main/AndroidManifest.xml:8:9-41
	android:allowBackup
		ADDED from src/main/AndroidManifest.xml:6:9-35
	android:icon
		ADDED from src/main/AndroidManifest.xml:7:9-43
	android:theme
		ADDED from src/main/AndroidManifest.xml:9:9-40
	android:name
		ADDED from src/main/AndroidManifest.xml:10:9-38
activity#me.ppting.weather.MainActivity
ADDED from src/main/AndroidManifest.xml:11:9-17:20
	android:name
		ADDED from src/main/AndroidManifest.xml:11:19-47
intent-filter#android.intent.action.MAIN+android.intent.category.LAUNCHER
ADDED from src/main/AndroidManifest.xml:12:13-16:29
action#android.intent.action.MAIN
ADDED from src/main/AndroidManifest.xml:13:17-69
	android:name
		ADDED from src/main/AndroidManifest.xml:13:25-66
category#android.intent.category.LAUNCHER
ADDED from src/main/AndroidManifest.xml:15:17-77
	android:name
		ADDED from src/main/AndroidManifest.xml:15:27-74
uses-permission#android.permission.INTERNET
ADDED from src/main/AndroidManifest.xml:19:5-66
	android:name
		ADDED from src/main/AndroidManifest.xml:19:22-64
uses-permission#android.permission.ACCESS_FINE_LOCATION
ADDED from src/main/AndroidManifest.xml:20:5-78
	android:name
		ADDED from src/main/AndroidManifest.xml:20:22-76
uses-permission#android.permission.ACCESS_COARSE_LOCATION
ADDED from src/main/AndroidManifest.xml:21:5-80
	android:name
		ADDED from src/main/AndroidManifest.xml:21:22-78
uses-sdk
INJECTED from src/main/AndroidManifest.xml reason: use-sdk injection requested
MERGED from [com.android.support:appcompat-v7:22.2.0] AndroidManifest.xml:20:5-43
MERGED from [com.android.support:support-v4:22.2.0] AndroidManifest.xml:20:5-43
MERGED from [com.zhy:percent-support-extends:1.0.6] AndroidManifest.xml:7:5-9:41
MERGED from [com.android.support:appcompat-v7:22.2.0] AndroidManifest.xml:20:5-43
MERGED from [com.android.support:support-v4:22.2.0] AndroidManifest.xml:20:5-43
	android:targetSdkVersion
		INJECTED from src/main/AndroidManifest.xml
		INJECTED from src/main/AndroidManifest.xml
	android:minSdkVersion
		INJECTED from src/main/AndroidManifest.xml
		INJECTED from src/main/AndroidManifest.xml